[2026-03-11 19:32:09] [INFO] ✅ Pool de connexions initialisé: supervision_pool (taille: 10)
[2026-03-11 19:32:09] [INFO] ✅ Pool de connexions initialisé: supervision_pool (taille: 10)
[2026-03-11 19:32:09] [INFO] ✅ DatabaseManager initialisé
[2026-03-11 19:32:09] [INFO] ✅ DatabaseManager initialisé
[2026-03-11 19:32:09] [ERROR] ❌ Erreur SQL: Unread result found
[2026-03-11 19:32:09] [ERROR] ❌ Erreur SQL: Unread result found
[2026-03-11 19:32:09] [ERROR]    Requête: SHOW TABLES
[2026-03-11 19:32:09] [ERROR]    Requête: SHOW TABLES
[2026-03-11 19:32:09] [ERROR] ❌ Erreur vérification tables: Unread result found
[2026-03-11 19:32:09] [ERROR] ❌ Erreur vérification tables: Unread result found
[2026-03-11 19:32:09] [INFO] ✅ Connexion à la base de données établie
[2026-03-11 19:32:09] [INFO] ✅ Connexion à la base de données établie
[2026-03-11 19:32:09] [INFO] ⚙️  Création d'un ThreadPoolExecutor de taille: 4
[2026-03-11 19:32:09] [INFO] ⚙️  Création d'un ThreadPoolExecutor de taille: 4
[2026-03-11 19:32:09] [INFO] 🚀 Serveur de supervision démarré sur le port 8888
[2026-03-11 19:32:09] [INFO] 🚀 Serveur de supervision démarré sur le port 8888
[2026-03-11 19:32:09] [INFO] 📅 Date de démarrage: 2026-03-11 19:32:08
[2026-03-11 19:32:09] [INFO] 📅 Date de démarrage: 2026-03-11 19:32:08
[2026-03-11 19:32:09] [INFO] 👂 En attente de connexions...
[2026-03-11 19:32:09] [INFO] 👂 En attente de connexions...
[2026-03-11 19:41:51] [INFO] 📞 Nouvelle connexion de ('127.0.0.1', 43564)
[2026-03-11 19:41:51] [INFO] 📞 Nouvelle connexion de ('127.0.0.1', 43564)
[2026-03-11 19:41:51] [INFO] 👤 Nouveau client connecté: ('127.0.0.1', 43564)
[2026-03-11 19:41:51] [INFO] 👤 Nouveau client connecté: ('127.0.0.1', 43564)
[2026-03-11 19:41:51] [DEBUG] 📨 Message reçu de serveur1: INIT
[2026-03-11 19:41:51] [DEBUG] 📨 Message reçu de serveur1: INIT
[2026-03-11 19:41:51] [DEBUG] 📝 Nœud enregistré: serveur1
[2026-03-11 19:41:51] [DEBUG] 📝 Nœud enregistré: serveur1
[2026-03-11 19:41:51] [INFO] 📝 Client enregistré: serveur1 (total: 1)
[2026-03-11 19:41:51] [INFO] 📝 Client enregistré: serveur1 (total: 1)
[2026-03-11 19:41:51] [INFO] ✅ Nouveau nœud enregistré: serveur1 depuis ('127.0.0.1', 43564)
[2026-03-11 19:41:51] [INFO] ✅ Nouveau nœud enregistré: serveur1 depuis ('127.0.0.1', 43564)
[2026-03-11 19:41:51] [DEBUG] 📨 Message reçu de serveur1: METRICS
[2026-03-11 19:41:51] [DEBUG] 📨 Message reçu de serveur1: METRICS
[2026-03-11 19:42:21] [DEBUG] 📨 Message reçu de serveur1: METRICS
[2026-03-11 19:42:21] [DEBUG] 📨 Message reçu de serveur1: METRICS
[2026-03-11 19:42:51] [DEBUG] 📨 Message reçu de serveur1: METRICS
[2026-03-11 19:42:51] [DEBUG] 📨 Message reçu de serveur1: METRICS
[2026-03-11 19:43:21] [DEBUG] 📨 Message reçu de serveur1: METRICS
[2026-03-11 19:43:21] [DEBUG] 📨 Message reçu de serveur1: METRICS
[2026-03-11 19:43:37] [ERROR] ❌ Erreur SQL: Unread result found
[2026-03-11 19:43:37] [ERROR] ❌ Erreur SQL: Unread result found
[2026-03-11 19:43:37] [ERROR]    Requête: 
            SELECT a.*, n.systeme_exploitation 
            FROM alertes a
            JOIN noeuds n ON a.node_id = n.node_id
            ORDER BY a.horodatage DESC
            LIMIT %s
        
[2026-03-11 19:43:37] [ERROR]    Requête: 
            SELECT a.*, n.systeme_exploitation 
            FROM alertes a
            JOIN noeuds n ON a.node_id = n.node_id
            ORDER BY a.horodatage DESC
            LIMIT %s
        
[2026-03-11 19:43:37] [ERROR]    Paramètres: (10,)
[2026-03-11 19:43:37] [ERROR]    Paramètres: (10,)
[2026-03-11 19:43:51] [DEBUG] 📨 Message reçu de serveur1: METRICS
[2026-03-11 19:43:51] [DEBUG] 📨 Message reçu de serveur1: METRICS
[2026-03-11 19:44:21] [DEBUG] 📨 Message reçu de serveur1: METRICS
[2026-03-11 19:44:21] [DEBUG] 📨 Message reçu de serveur1: METRICS
[2026-03-11 19:44:51] [DEBUG] 📨 Message reçu de serveur1: METRICS
[2026-03-11 19:44:51] [DEBUG] 📨 Message reçu de serveur1: METRICS
[2026-03-11 19:45:21] [DEBUG] 📨 Message reçu de serveur1: METRICS
[2026-03-11 19:45:21] [DEBUG] 📨 Message reçu de serveur1: METRICS
[2026-03-11 19:45:51] [DEBUG] 📨 Message reçu de serveur1: METRICS
[2026-03-11 19:45:51] [DEBUG] 📨 Message reçu de serveur1: METRICS
[2026-03-11 19:46:21] [DEBUG] 📨 Message reçu de serveur1: METRICS
[2026-03-11 19:46:21] [DEBUG] 📨 Message reçu de serveur1: METRICS
[2026-03-11 19:46:51] [DEBUG] 📨 Message reçu de serveur1: METRICS
[2026-03-11 19:46:51] [DEBUG] 📨 Message reçu de serveur1: METRICS
[2026-03-11 19:47:21] [DEBUG] 📨 Message reçu de serveur1: METRICS
[2026-03-11 19:47:21] [DEBUG] 📨 Message reçu de serveur1: METRICS
[2026-03-11 19:47:51] [DEBUG] 📨 Message reçu de serveur1: METRICS
[2026-03-11 19:47:51] [DEBUG] 📨 Message reçu de serveur1: METRICS
[2026-03-11 19:48:21] [DEBUG] 📨 Message reçu de serveur1: METRICS
[2026-03-11 19:48:21] [DEBUG] 📨 Message reçu de serveur1: METRICS
[2026-03-11 19:48:51] [DEBUG] 📨 Message reçu de serveur1: METRICS
[2026-03-11 19:48:51] [DEBUG] 📨 Message reçu de serveur1: METRICS
[2026-03-11 19:49:21] [DEBUG] 📨 Message reçu de serveur1: METRICS
[2026-03-11 19:49:21] [DEBUG] 📨 Message reçu de serveur1: METRICS
[2026-03-11 19:49:51] [DEBUG] 📨 Message reçu de serveur1: METRICS
[2026-03-11 19:49:51] [DEBUG] 📨 Message reçu de serveur1: METRICS
[2026-03-11 19:50:21] [DEBUG] 📨 Message reçu de serveur1: METRICS
[2026-03-11 19:50:21] [DEBUG] 📨 Message reçu de serveur1: METRICS
[2026-03-11 19:50:51] [DEBUG] 📨 Message reçu de serveur1: METRICS
[2026-03-11 19:50:51] [DEBUG] 📨 Message reçu de serveur1: METRICS
[2026-03-11 19:51:21] [DEBUG] 📨 Message reçu de serveur1: METRICS
[2026-03-11 19:51:21] [DEBUG] 📨 Message reçu de serveur1: METRICS
[2026-03-11 19:51:51] [DEBUG] 📨 Message reçu de serveur1: METRICS
[2026-03-11 19:51:51] [DEBUG] 📨 Message reçu de serveur1: METRICS
[2026-03-11 19:52:21] [DEBUG] 📨 Message reçu de serveur1: METRICS
[2026-03-11 19:52:21] [DEBUG] 📨 Message reçu de serveur1: METRICS
[2026-03-11 19:52:51] [DEBUG] 📨 Message reçu de serveur1: METRICS
[2026-03-11 19:52:51] [DEBUG] 📨 Message reçu de serveur1: METRICS
[2026-03-11 19:53:21] [DEBUG] 📨 Message reçu de serveur1: METRICS
[2026-03-11 19:53:21] [DEBUG] 📨 Message reçu de serveur1: METRICS
[2026-03-11 19:53:51] [DEBUG] 📨 Message reçu de serveur1: METRICS
[2026-03-11 19:53:51] [DEBUG] 📨 Message reçu de serveur1: METRICS
[2026-03-11 19:53:54] [INFO] ✅ Pool de connexions initialisé: supervision_pool (taille: 10)
[2026-03-11 19:53:54] [INFO] ✅ Pool de connexions initialisé: supervision_pool (taille: 10)
[2026-03-11 19:53:54] [INFO] ✅ DatabaseManager initialisé
[2026-03-11 19:53:54] [INFO] ✅ DatabaseManager initialisé
[2026-03-11 19:53:54] [ERROR] ❌ Erreur SQL: Unread result found
[2026-03-11 19:53:54] [ERROR] ❌ Erreur SQL: Unread result found
[2026-03-11 19:53:54] [ERROR]    Requête: SHOW TABLES
[2026-03-11 19:53:54] [ERROR]    Requête: SHOW TABLES
[2026-03-11 19:53:54] [ERROR] ❌ Erreur vérification tables: Unread result found
[2026-03-11 19:53:54] [ERROR] ❌ Erreur vérification tables: Unread result found
[2026-03-11 19:53:54] [INFO] ✅ Connexion à la base de données établie
[2026-03-11 19:53:54] [INFO] ✅ Connexion à la base de données établie
[2026-03-11 19:53:54] [INFO] ⚙️  Création d'un ThreadPoolExecutor de taille: 4
[2026-03-11 19:53:54] [INFO] ⚙️  Création d'un ThreadPoolExecutor de taille: 4
[2026-03-11 19:53:54] [ERROR] ❌ Erreur lors du démarrage: [Errno 98] Address already in use
[2026-03-11 19:53:54] [ERROR] ❌ Erreur lors du démarrage: [Errno 98] Address already in use
[2026-03-11 19:53:54] [INFO] 🛑 Arrêt du serveur...
[2026-03-11 19:53:54] [INFO] 🛑 Arrêt du serveur...
[2026-03-11 19:53:54] [INFO] 🔄 Fermeture du DatabaseManager...
[2026-03-11 19:53:54] [INFO] 🔄 Fermeture du DatabaseManager...
[2026-03-11 19:53:54] [INFO] 🔄 Fermeture du pool de connexions...
[2026-03-11 19:53:54] [INFO] 🔄 Fermeture du pool de connexions...
[2026-03-11 19:53:54] [INFO] ✅ Pool fermé - Statistiques finales: {'connexions_crees': 1, 'connexions_utilisees': 1, 'connexions_rendues': 0, 'connexions_fermees': 0, 'temps_attente_total': 0, 'nb_attentes': 0, 'taux_utilisation': 100.0, 'temps_moyen_attente': 0}
[2026-03-11 19:53:54] [INFO] ✅ Pool fermé - Statistiques finales: {'connexions_crees': 1, 'connexions_utilisees': 1, 'connexions_rendues': 0, 'connexions_fermees': 0, 'temps_attente_total': 0, 'nb_attentes': 0, 'taux_utilisation': 100.0, 'temps_moyen_attente': 0}
[2026-03-11 19:53:54] [INFO] ✅ DatabaseManager fermé
[2026-03-11 19:53:54] [INFO] ✅ DatabaseManager fermé
[2026-03-11 19:53:54] [INFO] 👋 Serveur arrêté
[2026-03-11 19:53:54] [INFO] 👋 Serveur arrêté
[2026-03-11 19:54:21] [DEBUG] 📨 Message reçu de serveur1: METRICS
[2026-03-11 19:54:21] [DEBUG] 📨 Message reçu de serveur1: METRICS
[2026-03-11 19:54:51] [DEBUG] 📨 Message reçu de serveur1: METRICS
[2026-03-11 19:54:51] [DEBUG] 📨 Message reçu de serveur1: METRICS
[2026-03-11 19:55:21] [DEBUG] 📨 Message reçu de serveur1: METRICS
[2026-03-11 19:55:21] [DEBUG] 📨 Message reçu de serveur1: METRICS
[2026-03-11 19:55:51] [DEBUG] 📨 Message reçu de serveur1: METRICS
[2026-03-11 19:55:51] [DEBUG] 📨 Message reçu de serveur1: METRICS
[2026-03-11 19:56:21] [DEBUG] 📨 Message reçu de serveur1: METRICS
[2026-03-11 19:56:21] [DEBUG] 📨 Message reçu de serveur1: METRICS
[2026-03-11 19:56:51] [DEBUG] 📨 Message reçu de serveur1: METRICS
[2026-03-11 19:56:51] [DEBUG] 📨 Message reçu de serveur1: METRICS
[2026-03-11 19:57:21] [DEBUG] 📨 Message reçu de serveur1: METRICS
[2026-03-11 19:57:21] [DEBUG] 📨 Message reçu de serveur1: METRICS
[2026-03-11 19:57:51] [DEBUG] 📨 Message reçu de serveur1: METRICS
[2026-03-11 19:57:51] [DEBUG] 📨 Message reçu de serveur1: METRICS
[2026-03-11 19:58:21] [DEBUG] 📨 Message reçu de serveur1: METRICS
[2026-03-11 19:58:21] [DEBUG] 📨 Message reçu de serveur1: METRICS
[2026-03-11 19:58:51] [DEBUG] 📨 Message reçu de serveur1: METRICS
[2026-03-11 19:58:51] [DEBUG] 📨 Message reçu de serveur1: METRICS
[2026-03-11 19:59:21] [DEBUG] 📨 Message reçu de serveur1: METRICS
[2026-03-11 19:59:21] [DEBUG] 📨 Message reçu de serveur1: METRICS
[2026-03-11 19:59:51] [DEBUG] 📨 Message reçu de serveur1: METRICS
[2026-03-11 19:59:51] [DEBUG] 📨 Message reçu de serveur1: METRICS
[2026-03-11 20:00:21] [DEBUG] 📨 Message reçu de serveur1: METRICS
[2026-03-11 20:00:21] [DEBUG] 📨 Message reçu de serveur1: METRICS
[2026-03-11 20:00:51] [DEBUG] 📨 Message reçu de serveur1: METRICS
[2026-03-11 20:00:51] [DEBUG] 📨 Message reçu de serveur1: METRICS
[2026-03-11 20:01:21] [DEBUG] 📨 Message reçu de serveur1: METRICS
[2026-03-11 20:01:21] [DEBUG] 📨 Message reçu de serveur1: METRICS
[2026-03-11 20:01:51] [DEBUG] 📨 Message reçu de serveur1: METRICS
[2026-03-11 20:01:51] [DEBUG] 📨 Message reçu de serveur1: METRICS
[2026-03-11 20:02:21] [DEBUG] 📨 Message reçu de serveur1: METRICS
[2026-03-11 20:02:21] [DEBUG] 📨 Message reçu de serveur1: METRICS
[2026-03-11 20:02:51] [DEBUG] 📨 Message reçu de serveur1: METRICS
[2026-03-11 20:02:51] [DEBUG] 📨 Message reçu de serveur1: METRICS
[2026-03-11 20:03:21] [DEBUG] 📨 Message reçu de serveur1: METRICS
[2026-03-11 20:03:21] [DEBUG] 📨 Message reçu de serveur1: METRICS
[2026-03-11 20:03:51] [DEBUG] 📨 Message reçu de serveur1: METRICS
[2026-03-11 20:03:51] [DEBUG] 📨 Message reçu de serveur1: METRICS
[2026-03-11 20:04:21] [DEBUG] 📨 Message reçu de serveur1: METRICS
[2026-03-11 20:04:21] [DEBUG] 📨 Message reçu de serveur1: METRICS
[2026-03-11 20:04:51] [DEBUG] 📨 Message reçu de serveur1: METRICS
[2026-03-11 20:04:51] [DEBUG] 📨 Message reçu de serveur1: METRICS
[2026-03-11 20:05:21] [DEBUG] 📨 Message reçu de serveur1: METRICS
[2026-03-11 20:05:21] [DEBUG] 📨 Message reçu de serveur1: METRICS
[2026-03-11 20:05:51] [DEBUG] 📨 Message reçu de serveur1: METRICS
[2026-03-11 20:05:51] [DEBUG] 📨 Message reçu de serveur1: METRICS
[2026-03-11 20:06:21] [DEBUG] 📨 Message reçu de serveur1: METRICS
[2026-03-11 20:06:21] [DEBUG] 📨 Message reçu de serveur1: METRICS
[2026-03-11 20:06:51] [DEBUG] 📨 Message reçu de serveur1: METRICS
[2026-03-11 20:06:51] [DEBUG] 📨 Message reçu de serveur1: METRICS
[2026-03-11 20:07:21] [DEBUG] 📨 Message reçu de serveur1: METRICS
[2026-03-11 20:07:21] [DEBUG] 📨 Message reçu de serveur1: METRICS
[2026-03-11 20:07:51] [DEBUG] 📨 Message reçu de serveur1: METRICS
[2026-03-11 20:07:51] [DEBUG] 📨 Message reçu de serveur1: METRICS
[2026-03-11 20:08:21] [DEBUG] 📨 Message reçu de serveur1: METRICS
[2026-03-11 20:08:21] [DEBUG] 📨 Message reçu de serveur1: METRICS
[2026-03-11 20:08:51] [DEBUG] 📨 Message reçu de serveur1: METRICS
[2026-03-11 20:08:51] [DEBUG] 📨 Message reçu de serveur1: METRICS
[2026-03-11 20:09:21] [DEBUG] 📨 Message reçu de serveur1: METRICS
[2026-03-11 20:09:21] [DEBUG] 📨 Message reçu de serveur1: METRICS
[2026-03-11 20:09:51] [DEBUG] 📨 Message reçu de serveur1: METRICS
[2026-03-11 20:09:51] [DEBUG] 📨 Message reçu de serveur1: METRICS
[2026-03-11 20:10:21] [DEBUG] 📨 Message reçu de serveur1: METRICS
[2026-03-11 20:10:21] [DEBUG] 📨 Message reçu de serveur1: METRICS
[2026-03-11 20:10:51] [DEBUG] 📨 Message reçu de serveur1: METRICS
[2026-03-11 20:10:51] [DEBUG] 📨 Message reçu de serveur1: METRICS
[2026-03-11 20:11:21] [DEBUG] 📨 Message reçu de serveur1: METRICS
[2026-03-11 20:11:21] [DEBUG] 📨 Message reçu de serveur1: METRICS
[2026-03-11 20:11:51] [DEBUG] 📨 Message reçu de serveur1: METRICS
[2026-03-11 20:11:51] [DEBUG] 📨 Message reçu de serveur1: METRICS
[2026-03-11 20:12:21] [DEBUG] 📨 Message reçu de serveur1: METRICS
[2026-03-11 20:12:21] [DEBUG] 📨 Message reçu de serveur1: METRICS
[2026-03-11 20:12:51] [DEBUG] 📨 Message reçu de serveur1: METRICS
[2026-03-11 20:12:51] [DEBUG] 📨 Message reçu de serveur1: METRICS
[2026-03-11 20:13:21] [DEBUG] 📨 Message reçu de serveur1: METRICS
[2026-03-11 20:13:21] [DEBUG] 📨 Message reçu de serveur1: METRICS
[2026-03-11 20:13:51] [DEBUG] 📨 Message reçu de serveur1: METRICS
[2026-03-11 20:13:51] [DEBUG] 📨 Message reçu de serveur1: METRICS
[2026-03-11 20:14:21] [DEBUG] 📨 Message reçu de serveur1: METRICS
[2026-03-11 20:14:21] [DEBUG] 📨 Message reçu de serveur1: METRICS
[2026-03-11 20:14:51] [DEBUG] 📨 Message reçu de serveur1: METRICS
[2026-03-11 20:14:51] [DEBUG] 📨 Message reçu de serveur1: METRICS
[2026-03-11 20:15:21] [DEBUG] 📨 Message reçu de serveur1: METRICS
[2026-03-11 20:15:21] [DEBUG] 📨 Message reçu de serveur1: METRICS
[2026-03-11 20:15:51] [DEBUG] 📨 Message reçu de serveur1: METRICS
[2026-03-11 20:15:51] [DEBUG] 📨 Message reçu de serveur1: METRICS
[2026-03-11 20:16:21] [DEBUG] 📨 Message reçu de serveur1: METRICS
[2026-03-11 20:16:21] [DEBUG] 📨 Message reçu de serveur1: METRICS
[2026-03-11 20:16:51] [DEBUG] 📨 Message reçu de serveur1: METRICS
[2026-03-11 20:16:51] [DEBUG] 📨 Message reçu de serveur1: METRICS
[2026-03-11 20:17:21] [DEBUG] 📨 Message reçu de serveur1: METRICS
[2026-03-11 20:17:21] [DEBUG] 📨 Message reçu de serveur1: METRICS
[2026-03-11 20:17:51] [DEBUG] 📨 Message reçu de serveur1: METRICS
[2026-03-11 20:17:51] [DEBUG] 📨 Message reçu de serveur1: METRICS
[2026-03-11 20:18:21] [DEBUG] 📨 Message reçu de serveur1: METRICS
[2026-03-11 20:18:21] [DEBUG] 📨 Message reçu de serveur1: METRICS
[2026-03-11 20:18:51] [DEBUG] 📨 Message reçu de serveur1: METRICS
[2026-03-11 20:18:51] [DEBUG] 📨 Message reçu de serveur1: METRICS
[2026-03-11 20:19:21] [DEBUG] 📨 Message reçu de serveur1: METRICS
[2026-03-11 20:19:21] [DEBUG] 📨 Message reçu de serveur1: METRICS
[2026-03-11 20:19:51] [DEBUG] 📨 Message reçu de serveur1: METRICS
[2026-03-11 20:19:51] [DEBUG] 📨 Message reçu de serveur1: METRICS
[2026-03-11 20:20:21] [DEBUG] 📨 Message reçu de serveur1: METRICS
[2026-03-11 20:20:21] [DEBUG] 📨 Message reçu de serveur1: METRICS
[2026-03-11 20:20:51] [DEBUG] 📨 Message reçu de serveur1: METRICS
[2026-03-11 20:20:51] [DEBUG] 📨 Message reçu de serveur1: METRICS
[2026-03-11 20:21:21] [DEBUG] 📨 Message reçu de serveur1: METRICS
[2026-03-11 20:21:21] [DEBUG] 📨 Message reçu de serveur1: METRICS
[2026-03-11 20:59:19] [WARNING] 🚨 ALERTE: ⛔ Nœud en panne détecté: serveur1 (inactif depuis 2278 secondes)
[2026-03-11 20:59:19] [WARNING] 🚨 ALERTE: ⛔ Nœud en panne détecté: serveur1 (inactif depuis 2278 secondes)
[2026-03-11 20:59:20] [DEBUG] 🚨 Alerte enregistrée: serveur1 - panne
[2026-03-11 20:59:20] [DEBUG] 🚨 Alerte enregistrée: serveur1 - panne
[2026-03-11 20:59:20] [INFO] 📝 Statut serveur1 mis à jour: panne
[2026-03-11 20:59:20] [INFO] 📝 Statut serveur1 mis à jour: panne
[2026-03-11 20:59:20] [INFO] 🗑️ Client retiré: serveur1 (total: 0)
[2026-03-11 20:59:20] [INFO] 🗑️ Client retiré: serveur1 (total: 0)
[2026-03-11 20:59:27] [DEBUG] 📨 Message reçu de serveur1: METRICS
[2026-03-11 20:59:27] [DEBUG] 📨 Message reçu de serveur1: METRICS
[2026-03-11 20:59:57] [DEBUG] 📨 Message reçu de serveur1: METRICS
[2026-03-11 20:59:57] [DEBUG] 📨 Message reçu de serveur1: METRICS
[2026-03-11 21:00:27] [DEBUG] 📨 Message reçu de serveur1: METRICS
[2026-03-11 21:00:27] [DEBUG] 📨 Message reçu de serveur1: METRICS
[2026-03-11 21:00:57] [DEBUG] 📨 Message reçu de serveur1: METRICS
[2026-03-11 21:00:57] [DEBUG] 📨 Message reçu de serveur1: METRICS
[2026-03-11 21:01:27] [DEBUG] 📨 Message reçu de serveur1: METRICS
[2026-03-11 21:01:27] [DEBUG] 📨 Message reçu de serveur1: METRICS
[2026-03-11 21:01:57] [DEBUG] 📨 Message reçu de serveur1: METRICS
[2026-03-11 21:01:57] [DEBUG] 📨 Message reçu de serveur1: METRICS
[2026-03-11 21:02:27] [DEBUG] 📨 Message reçu de serveur1: METRICS
[2026-03-11 21:02:27] [DEBUG] 📨 Message reçu de serveur1: METRICS
[2026-03-11 21:02:57] [DEBUG] 📨 Message reçu de serveur1: METRICS
[2026-03-11 21:02:57] [DEBUG] 📨 Message reçu de serveur1: METRICS
[2026-03-11 21:03:27] [DEBUG] 📨 Message reçu de serveur1: METRICS
[2026-03-11 21:03:27] [DEBUG] 📨 Message reçu de serveur1: METRICS
[2026-03-11 21:03:57] [DEBUG] 📨 Message reçu de serveur1: METRICS
[2026-03-11 21:03:57] [DEBUG] 📨 Message reçu de serveur1: METRICS
[2026-03-11 21:04:27] [DEBUG] 📨 Message reçu de serveur1: METRICS
[2026-03-11 21:04:27] [DEBUG] 📨 Message reçu de serveur1: METRICS
[2026-03-11 21:04:57] [DEBUG] 📨 Message reçu de serveur1: METRICS
[2026-03-11 21:04:57] [DEBUG] 📨 Message reçu de serveur1: METRICS
[2026-03-11 21:05:27] [DEBUG] 📨 Message reçu de serveur1: METRICS
[2026-03-11 21:05:27] [DEBUG] 📨 Message reçu de serveur1: METRICS
[2026-03-11 21:05:57] [DEBUG] 📨 Message reçu de serveur1: METRICS
[2026-03-11 21:05:57] [DEBUG] 📨 Message reçu de serveur1: METRICS
[2026-03-11 21:06:27] [DEBUG] 📨 Message reçu de serveur1: METRICS
[2026-03-11 21:06:27] [DEBUG] 📨 Message reçu de serveur1: METRICS
[2026-03-11 21:06:57] [DEBUG] 📨 Message reçu de serveur1: METRICS
[2026-03-11 21:06:57] [DEBUG] 📨 Message reçu de serveur1: METRICS
[2026-03-11 21:07:27] [DEBUG] 📨 Message reçu de serveur1: METRICS
[2026-03-11 21:07:27] [DEBUG] 📨 Message reçu de serveur1: METRICS
[2026-03-11 21:07:57] [DEBUG] 📨 Message reçu de serveur1: METRICS
[2026-03-11 21:07:57] [DEBUG] 📨 Message reçu de serveur1: METRICS
[2026-03-11 21:08:27] [DEBUG] 📨 Message reçu de serveur1: METRICS
[2026-03-11 21:08:27] [DEBUG] 📨 Message reçu de serveur1: METRICS
[2026-03-11 21:08:57] [DEBUG] 📨 Message reçu de serveur1: METRICS
[2026-03-11 21:08:57] [DEBUG] 📨 Message reçu de serveur1: METRICS
[2026-03-11 21:09:27] [DEBUG] 📨 Message reçu de serveur1: METRICS
[2026-03-11 21:09:27] [DEBUG] 📨 Message reçu de serveur1: METRICS
[2026-03-11 21:09:57] [DEBUG] 📨 Message reçu de serveur1: METRICS
[2026-03-11 21:09:57] [DEBUG] 📨 Message reçu de serveur1: METRICS
[2026-03-11 21:10:27] [DEBUG] 📨 Message reçu de serveur1: METRICS
[2026-03-11 21:10:27] [DEBUG] 📨 Message reçu de serveur1: METRICS
[2026-03-11 21:10:57] [DEBUG] 📨 Message reçu de serveur1: METRICS
[2026-03-11 21:10:57] [DEBUG] 📨 Message reçu de serveur1: METRICS
[2026-03-11 21:11:27] [DEBUG] 📨 Message reçu de serveur1: METRICS
[2026-03-11 21:11:27] [DEBUG] 📨 Message reçu de serveur1: METRICS
[2026-03-11 21:11:57] [DEBUG] 📨 Message reçu de serveur1: METRICS
[2026-03-11 21:11:57] [DEBUG] 📨 Message reçu de serveur1: METRICS
[2026-03-11 21:12:27] [DEBUG] 📨 Message reçu de serveur1: METRICS
[2026-03-11 21:12:27] [DEBUG] 📨 Message reçu de serveur1: METRICS
[2026-03-11 21:12:57] [DEBUG] 📨 Message reçu de serveur1: METRICS
[2026-03-11 21:12:57] [DEBUG] 📨 Message reçu de serveur1: METRICS
[2026-03-11 21:13:27] [DEBUG] 📨 Message reçu de serveur1: METRICS
[2026-03-11 21:13:27] [DEBUG] 📨 Message reçu de serveur1: METRICS
[2026-03-11 21:13:57] [DEBUG] 📨 Message reçu de serveur1: METRICS
[2026-03-11 21:13:57] [DEBUG] 📨 Message reçu de serveur1: METRICS
[2026-03-11 21:14:27] [DEBUG] 📨 Message reçu de serveur1: METRICS
[2026-03-11 21:14:27] [DEBUG] 📨 Message reçu de serveur1: METRICS
[2026-03-11 21:14:57] [DEBUG] 📨 Message reçu de serveur1: METRICS
[2026-03-11 21:14:57] [DEBUG] 📨 Message reçu de serveur1: METRICS
[2026-03-11 21:15:27] [DEBUG] 📨 Message reçu de serveur1: METRICS
[2026-03-11 21:15:27] [DEBUG] 📨 Message reçu de serveur1: METRICS
[2026-03-11 21:15:57] [DEBUG] 📨 Message reçu de serveur1: METRICS
[2026-03-11 21:15:57] [DEBUG] 📨 Message reçu de serveur1: METRICS
[2026-03-11 21:16:27] [DEBUG] 📨 Message reçu de serveur1: METRICS
[2026-03-11 21:16:27] [DEBUG] 📨 Message reçu de serveur1: METRICS
[2026-03-11 21:16:57] [DEBUG] 📨 Message reçu de serveur1: METRICS
[2026-03-11 21:16:57] [DEBUG] 📨 Message reçu de serveur1: METRICS
[2026-03-11 21:17:27] [DEBUG] 📨 Message reçu de serveur1: METRICS
[2026-03-11 21:17:27] [DEBUG] 📨 Message reçu de serveur1: METRICS
[2026-03-11 21:17:57] [DEBUG] 📨 Message reçu de serveur1: METRICS
[2026-03-11 21:17:57] [DEBUG] 📨 Message reçu de serveur1: METRICS
[2026-03-11 21:18:27] [DEBUG] 📨 Message reçu de serveur1: METRICS
[2026-03-11 21:18:27] [DEBUG] 📨 Message reçu de serveur1: METRICS
[2026-03-11 21:18:57] [DEBUG] 📨 Message reçu de serveur1: METRICS
[2026-03-11 21:18:57] [DEBUG] 📨 Message reçu de serveur1: METRICS
[2026-03-11 21:19:27] [DEBUG] 📨 Message reçu de serveur1: METRICS
[2026-03-11 21:19:27] [DEBUG] 📨 Message reçu de serveur1: METRICS
[2026-03-11 21:19:57] [DEBUG] 📨 Message reçu de serveur1: METRICS
[2026-03-11 21:19:57] [DEBUG] 📨 Message reçu de serveur1: METRICS
[2026-03-11 21:20:27] [DEBUG] 📨 Message reçu de serveur1: METRICS
[2026-03-11 21:20:27] [DEBUG] 📨 Message reçu de serveur1: METRICS
[2026-03-11 21:20:57] [DEBUG] 📨 Message reçu de serveur1: METRICS
[2026-03-11 21:20:57] [DEBUG] 📨 Message reçu de serveur1: METRICS
[2026-03-11 21:21:27] [DEBUG] 📨 Message reçu de serveur1: METRICS
[2026-03-11 21:21:27] [DEBUG] 📨 Message reçu de serveur1: METRICS
[2026-03-11 21:21:58] [DEBUG] 📨 Message reçu de serveur1: METRICS
[2026-03-11 21:21:58] [DEBUG] 📨 Message reçu de serveur1: METRICS
[2026-03-11 21:22:28] [DEBUG] 📨 Message reçu de serveur1: METRICS
[2026-03-11 21:22:28] [DEBUG] 📨 Message reçu de serveur1: METRICS
[2026-03-11 21:22:58] [DEBUG] 📨 Message reçu de serveur1: METRICS
[2026-03-11 21:22:58] [DEBUG] 📨 Message reçu de serveur1: METRICS
[2026-03-11 21:23:28] [DEBUG] 📨 Message reçu de serveur1: METRICS
[2026-03-11 21:23:28] [DEBUG] 📨 Message reçu de serveur1: METRICS
[2026-03-11 21:26:34] [DEBUG] 📨 Message reçu de serveur1: METRICS
[2026-03-11 21:26:34] [DEBUG] 📨 Message reçu de serveur1: METRICS
[2026-03-11 21:27:04] [DEBUG] 📨 Message reçu de serveur1: METRICS
[2026-03-11 21:27:04] [DEBUG] 📨 Message reçu de serveur1: METRICS
[2026-03-11 21:27:34] [DEBUG] 📨 Message reçu de serveur1: METRICS
[2026-03-11 21:27:34] [DEBUG] 📨 Message reçu de serveur1: METRICS
[2026-03-11 21:28:04] [DEBUG] 📨 Message reçu de serveur1: METRICS
[2026-03-11 21:28:04] [DEBUG] 📨 Message reçu de serveur1: METRICS
[2026-03-11 21:28:34] [DEBUG] 📨 Message reçu de serveur1: METRICS
[2026-03-11 21:28:34] [DEBUG] 📨 Message reçu de serveur1: METRICS
[2026-03-11 21:29:04] [DEBUG] 📨 Message reçu de serveur1: METRICS
[2026-03-11 21:29:04] [DEBUG] 📨 Message reçu de serveur1: METRICS
[2026-03-11 21:29:34] [DEBUG] 📨 Message reçu de serveur1: METRICS
[2026-03-11 21:29:34] [DEBUG] 📨 Message reçu de serveur1: METRICS
[2026-03-11 21:30:04] [DEBUG] 📨 Message reçu de serveur1: METRICS
[2026-03-11 21:30:04] [DEBUG] 📨 Message reçu de serveur1: METRICS
[2026-03-11 21:30:35] [DEBUG] 📨 Message reçu de serveur1: METRICS
[2026-03-11 21:30:35] [DEBUG] 📨 Message reçu de serveur1: METRICS
[2026-03-11 21:31:05] [DEBUG] 📨 Message reçu de serveur1: METRICS
[2026-03-11 21:31:05] [DEBUG] 📨 Message reçu de serveur1: METRICS
[2026-03-11 21:31:35] [DEBUG] 📨 Message reçu de serveur1: METRICS
[2026-03-11 21:31:35] [DEBUG] 📨 Message reçu de serveur1: METRICS
[2026-03-11 21:32:05] [DEBUG] 📨 Message reçu de serveur1: METRICS
[2026-03-11 21:32:05] [DEBUG] 📨 Message reçu de serveur1: METRICS
[2026-03-11 21:32:35] [DEBUG] 📨 Message reçu de serveur1: METRICS
[2026-03-11 21:32:35] [DEBUG] 📨 Message reçu de serveur1: METRICS
[2026-03-11 21:33:05] [DEBUG] 📨 Message reçu de serveur1: METRICS
[2026-03-11 21:33:05] [DEBUG] 📨 Message reçu de serveur1: METRICS
[2026-03-11 21:33:35] [DEBUG] 📨 Message reçu de serveur1: METRICS
[2026-03-11 21:33:35] [DEBUG] 📨 Message reçu de serveur1: METRICS
[2026-03-11 21:34:05] [DEBUG] 📨 Message reçu de serveur1: METRICS
[2026-03-11 21:34:05] [DEBUG] 📨 Message reçu de serveur1: METRICS
[2026-03-11 21:34:35] [DEBUG] 📨 Message reçu de serveur1: METRICS
[2026-03-11 21:34:35] [DEBUG] 📨 Message reçu de serveur1: METRICS
[2026-03-11 21:35:05] [DEBUG] 📨 Message reçu de serveur1: METRICS
[2026-03-11 21:35:05] [DEBUG] 📨 Message reçu de serveur1: METRICS
[2026-03-11 21:35:35] [DEBUG] 📨 Message reçu de serveur1: METRICS
[2026-03-11 21:35:35] [DEBUG] 📨 Message reçu de serveur1: METRICS
[2026-03-11 21:36:05] [DEBUG] 📨 Message reçu de serveur1: METRICS
[2026-03-11 21:36:05] [DEBUG] 📨 Message reçu de serveur1: METRICS
[2026-03-11 21:36:35] [DEBUG] 📨 Message reçu de serveur1: METRICS
[2026-03-11 21:36:35] [DEBUG] 📨 Message reçu de serveur1: METRICS
[2026-03-11 21:37:05] [DEBUG] 📨 Message reçu de serveur1: METRICS
[2026-03-11 21:37:05] [DEBUG] 📨 Message reçu de serveur1: METRICS
[2026-03-11 21:37:35] [DEBUG] 📨 Message reçu de serveur1: METRICS
[2026-03-11 21:37:35] [DEBUG] 📨 Message reçu de serveur1: METRICS
[2026-03-11 21:38:05] [DEBUG] 📨 Message reçu de serveur1: METRICS
[2026-03-11 21:38:05] [DEBUG] 📨 Message reçu de serveur1: METRICS
[2026-03-11 21:38:35] [DEBUG] 📨 Message reçu de serveur1: METRICS
[2026-03-11 21:38:35] [DEBUG] 📨 Message reçu de serveur1: METRICS
[2026-03-11 21:39:05] [DEBUG] 📨 Message reçu de serveur1: METRICS
[2026-03-11 21:39:05] [DEBUG] 📨 Message reçu de serveur1: METRICS
[2026-03-11 21:39:35] [DEBUG] 📨 Message reçu de serveur1: METRICS
[2026-03-11 21:39:35] [DEBUG] 📨 Message reçu de serveur1: METRICS
[2026-03-11 21:40:05] [DEBUG] 📨 Message reçu de serveur1: METRICS
[2026-03-11 21:40:05] [DEBUG] 📨 Message reçu de serveur1: METRICS
[2026-03-11 21:40:35] [DEBUG] 📨 Message reçu de serveur1: METRICS
[2026-03-11 21:40:35] [DEBUG] 📨 Message reçu de serveur1: METRICS
[2026-03-11 21:41:05] [DEBUG] 📨 Message reçu de serveur1: METRICS
[2026-03-11 21:41:05] [DEBUG] 📨 Message reçu de serveur1: METRICS
[2026-03-11 21:41:35] [DEBUG] 📨 Message reçu de serveur1: METRICS
[2026-03-11 21:41:35] [DEBUG] 📨 Message reçu de serveur1: METRICS
[2026-03-11 21:42:05] [DEBUG] 📨 Message reçu de serveur1: METRICS
[2026-03-11 21:42:05] [DEBUG] 📨 Message reçu de serveur1: METRICS
[2026-03-11 21:42:35] [DEBUG] 📨 Message reçu de serveur1: METRICS
[2026-03-11 21:42:35] [DEBUG] 📨 Message reçu de serveur1: METRICS
[2026-03-11 21:43:05] [DEBUG] 📨 Message reçu de serveur1: METRICS
[2026-03-11 21:43:05] [DEBUG] 📨 Message reçu de serveur1: METRICS
[2026-03-11 21:43:35] [DEBUG] 📨 Message reçu de serveur1: METRICS
[2026-03-11 21:43:35] [DEBUG] 📨 Message reçu de serveur1: METRICS
[2026-03-11 21:44:05] [DEBUG] 📨 Message reçu de serveur1: METRICS
[2026-03-11 21:44:05] [DEBUG] 📨 Message reçu de serveur1: METRICS
[2026-03-11 21:44:35] [DEBUG] 📨 Message reçu de serveur1: METRICS
[2026-03-11 21:44:35] [DEBUG] 📨 Message reçu de serveur1: METRICS
[2026-03-11 21:45:05] [DEBUG] 📨 Message reçu de serveur1: METRICS
[2026-03-11 21:45:05] [DEBUG] 📨 Message reçu de serveur1: METRICS
[2026-03-11 21:45:35] [DEBUG] 📨 Message reçu de serveur1: METRICS
[2026-03-11 21:45:35] [DEBUG] 📨 Message reçu de serveur1: METRICS
[2026-03-11 21:46:05] [DEBUG] 📨 Message reçu de serveur1: METRICS
[2026-03-11 21:46:05] [DEBUG] 📨 Message reçu de serveur1: METRICS
[2026-03-11 21:46:35] [DEBUG] 📨 Message reçu de serveur1: METRICS
[2026-03-11 21:46:35] [DEBUG] 📨 Message reçu de serveur1: METRICS
[2026-03-11 21:47:05] [DEBUG] 📨 Message reçu de serveur1: METRICS
[2026-03-11 21:47:05] [DEBUG] 📨 Message reçu de serveur1: METRICS
[2026-03-11 21:47:35] [DEBUG] 📨 Message reçu de serveur1: METRICS
[2026-03-11 21:47:35] [DEBUG] 📨 Message reçu de serveur1: METRICS
[2026-03-11 21:48:05] [DEBUG] 📨 Message reçu de serveur1: METRICS
[2026-03-11 21:48:05] [DEBUG] 📨 Message reçu de serveur1: METRICS
[2026-03-11 21:48:35] [DEBUG] 📨 Message reçu de serveur1: METRICS
[2026-03-11 21:48:35] [DEBUG] 📨 Message reçu de serveur1: METRICS
[2026-03-11 21:49:05] [DEBUG] 📨 Message reçu de serveur1: METRICS
[2026-03-11 21:49:05] [DEBUG] 📨 Message reçu de serveur1: METRICS
[2026-03-11 21:49:35] [DEBUG] 📨 Message reçu de serveur1: METRICS
[2026-03-11 21:49:35] [DEBUG] 📨 Message reçu de serveur1: METRICS
[2026-03-11 21:50:05] [DEBUG] 📨 Message reçu de serveur1: METRICS
[2026-03-11 21:50:05] [DEBUG] 📨 Message reçu de serveur1: METRICS
[2026-03-11 21:50:35] [DEBUG] 📨 Message reçu de serveur1: METRICS
[2026-03-11 21:50:35] [DEBUG] 📨 Message reçu de serveur1: METRICS
[2026-03-11 21:51:05] [DEBUG] 📨 Message reçu de serveur1: METRICS
[2026-03-11 21:51:05] [DEBUG] 📨 Message reçu de serveur1: METRICS
[2026-03-11 21:51:35] [DEBUG] 📨 Message reçu de serveur1: METRICS
[2026-03-11 21:51:35] [DEBUG] 📨 Message reçu de serveur1: METRICS
[2026-03-11 21:52:05] [DEBUG] 📨 Message reçu de serveur1: METRICS
[2026-03-11 21:52:05] [DEBUG] 📨 Message reçu de serveur1: METRICS
[2026-03-11 21:52:35] [DEBUG] 📨 Message reçu de serveur1: METRICS
[2026-03-11 21:52:35] [DEBUG] 📨 Message reçu de serveur1: METRICS
[2026-03-11 21:53:05] [DEBUG] 📨 Message reçu de serveur1: METRICS
[2026-03-11 21:53:05] [DEBUG] 📨 Message reçu de serveur1: METRICS
[2026-03-11 21:53:35] [DEBUG] 📨 Message reçu de serveur1: METRICS
[2026-03-11 21:53:35] [DEBUG] 📨 Message reçu de serveur1: METRICS
[2026-03-11 21:54:05] [DEBUG] 📨 Message reçu de serveur1: METRICS
[2026-03-11 21:54:05] [DEBUG] 📨 Message reçu de serveur1: METRICS
[2026-03-11 21:54:35] [DEBUG] 📨 Message reçu de serveur1: METRICS
[2026-03-11 21:54:35] [DEBUG] 📨 Message reçu de serveur1: METRICS
[2026-03-11 21:55:05] [DEBUG] 📨 Message reçu de serveur1: METRICS
[2026-03-11 21:55:05] [DEBUG] 📨 Message reçu de serveur1: METRICS
[2026-03-11 21:55:35] [DEBUG] 📨 Message reçu de serveur1: METRICS
[2026-03-11 21:55:35] [DEBUG] 📨 Message reçu de serveur1: METRICS
[2026-03-11 21:56:05] [DEBUG] 📨 Message reçu de serveur1: METRICS
[2026-03-11 21:56:05] [DEBUG] 📨 Message reçu de serveur1: METRICS
[2026-03-11 21:56:35] [DEBUG] 📨 Message reçu de serveur1: METRICS
[2026-03-11 21:56:35] [DEBUG] 📨 Message reçu de serveur1: METRICS
[2026-03-11 21:57:05] [DEBUG] 📨 Message reçu de serveur1: METRICS
[2026-03-11 21:57:05] [DEBUG] 📨 Message reçu de serveur1: METRICS
[2026-03-11 21:57:35] [DEBUG] 📨 Message reçu de serveur1: METRICS
[2026-03-11 21:57:35] [DEBUG] 📨 Message reçu de serveur1: METRICS
[2026-03-11 21:58:05] [DEBUG] 📨 Message reçu de serveur1: METRICS
[2026-03-11 21:58:05] [DEBUG] 📨 Message reçu de serveur1: METRICS
[2026-03-11 21:58:35] [DEBUG] 📨 Message reçu de serveur1: METRICS
[2026-03-11 21:58:35] [DEBUG] 📨 Message reçu de serveur1: METRICS
[2026-03-11 22:04:47] [DEBUG] 📨 Message reçu de serveur1: METRICS
[2026-03-11 22:04:47] [DEBUG] 📨 Message reçu de serveur1: METRICS
[2026-03-11 22:05:17] [DEBUG] 📨 Message reçu de serveur1: METRICS
[2026-03-11 22:05:17] [DEBUG] 📨 Message reçu de serveur1: METRICS
[2026-03-11 22:05:47] [DEBUG] 📨 Message reçu de serveur1: METRICS
[2026-03-11 22:05:47] [DEBUG] 📨 Message reçu de serveur1: METRICS
[2026-03-11 22:06:17] [DEBUG] 📨 Message reçu de serveur1: METRICS
[2026-03-11 22:06:17] [DEBUG] 📨 Message reçu de serveur1: METRICS
[2026-03-11 22:06:47] [DEBUG] 📨 Message reçu de serveur1: METRICS
[2026-03-11 22:06:47] [DEBUG] 📨 Message reçu de serveur1: METRICS
[2026-03-11 22:07:17] [DEBUG] 📨 Message reçu de serveur1: METRICS
[2026-03-11 22:07:17] [DEBUG] 📨 Message reçu de serveur1: METRICS
[2026-03-11 22:07:47] [DEBUG] 📨 Message reçu de serveur1: METRICS
[2026-03-11 22:07:47] [DEBUG] 📨 Message reçu de serveur1: METRICS
[2026-03-11 22:08:17] [DEBUG] 📨 Message reçu de serveur1: METRICS
[2026-03-11 22:08:17] [DEBUG] 📨 Message reçu de serveur1: METRICS
[2026-03-11 22:08:47] [DEBUG] 📨 Message reçu de serveur1: METRICS
[2026-03-11 22:08:47] [DEBUG] 📨 Message reçu de serveur1: METRICS
[2026-03-11 22:09:17] [DEBUG] 📨 Message reçu de serveur1: METRICS
[2026-03-11 22:09:17] [DEBUG] 📨 Message reçu de serveur1: METRICS
[2026-03-11 22:09:47] [DEBUG] 📨 Message reçu de serveur1: METRICS
[2026-03-11 22:09:47] [DEBUG] 📨 Message reçu de serveur1: METRICS
[2026-03-11 22:10:17] [DEBUG] 📨 Message reçu de serveur1: METRICS
[2026-03-11 22:10:17] [DEBUG] 📨 Message reçu de serveur1: METRICS
[2026-03-11 22:10:47] [DEBUG] 📨 Message reçu de serveur1: METRICS
[2026-03-11 22:10:47] [DEBUG] 📨 Message reçu de serveur1: METRICS
[2026-03-11 22:11:17] [DEBUG] 📨 Message reçu de serveur1: METRICS
[2026-03-11 22:11:17] [DEBUG] 📨 Message reçu de serveur1: METRICS
[2026-03-11 22:11:21] [INFO] 👋 Client déconnecté: serveur1
[2026-03-11 22:11:21] [INFO] 👋 Client déconnecté: serveur1
[2026-03-11 22:11:21] [INFO] 📞 Nouvelle connexion de ('127.0.0.1', 43278)
[2026-03-11 22:11:21] [INFO] 📞 Nouvelle connexion de ('127.0.0.1', 43278)
[2026-03-11 22:11:22] [INFO] 👤 Nouveau client connecté: ('127.0.0.1', 43278)
[2026-03-11 22:11:22] [INFO] 👤 Nouveau client connecté: ('127.0.0.1', 43278)
[2026-03-11 22:11:22] [DEBUG] 📨 Message reçu de serveur1: INIT
[2026-03-11 22:11:22] [DEBUG] 📨 Message reçu de serveur1: INIT
[2026-03-11 22:11:22] [DEBUG] 📝 Nœud enregistré: serveur1
[2026-03-11 22:11:22] [DEBUG] 📝 Nœud enregistré: serveur1
[2026-03-11 22:11:22] [INFO] 📝 Client enregistré: serveur1 (total: 1)
[2026-03-11 22:11:22] [INFO] 📝 Client enregistré: serveur1 (total: 1)
[2026-03-11 22:11:22] [INFO] ✅ Nouveau nœud enregistré: serveur1 depuis ('127.0.0.1', 43278)
[2026-03-11 22:11:22] [INFO] ✅ Nouveau nœud enregistré: serveur1 depuis ('127.0.0.1', 43278)
[2026-03-11 22:11:22] [DEBUG] 📨 Message reçu de serveur1: STATUS
[2026-03-11 22:11:22] [DEBUG] 📨 Message reçu de serveur1: STATUS
[2026-03-11 22:11:22] [DEBUG] Statut reçu de serveur1: {'status': 'OK'}
[2026-03-11 22:11:22] [DEBUG] Statut reçu de serveur1: {'status': 'OK'}
[2026-03-11 22:11:57] [DEBUG] 📨 Message reçu de serveur1: METRICS
[2026-03-11 22:11:57] [DEBUG] 📨 Message reçu de serveur1: METRICS
[2026-03-11 22:12:27] [DEBUG] 📨 Message reçu de serveur1: METRICS
[2026-03-11 22:12:27] [DEBUG] 📨 Message reçu de serveur1: METRICS
[2026-03-11 22:12:57] [DEBUG] 📨 Message reçu de serveur1: METRICS
[2026-03-11 22:12:57] [DEBUG] 📨 Message reçu de serveur1: METRICS
[2026-03-11 22:13:27] [DEBUG] 📨 Message reçu de serveur1: METRICS
[2026-03-11 22:13:27] [DEBUG] 📨 Message reçu de serveur1: METRICS
[2026-03-11 22:13:57] [DEBUG] 📨 Message reçu de serveur1: METRICS
[2026-03-11 22:13:57] [DEBUG] 📨 Message reçu de serveur1: METRICS
[2026-03-11 22:14:27] [DEBUG] 📨 Message reçu de serveur1: METRICS
[2026-03-11 22:14:27] [DEBUG] 📨 Message reçu de serveur1: METRICS
[2026-03-11 22:14:57] [DEBUG] 📨 Message reçu de serveur1: METRICS
[2026-03-11 22:14:57] [DEBUG] 📨 Message reçu de serveur1: METRICS
[2026-03-11 22:15:27] [DEBUG] 📨 Message reçu de serveur1: METRICS
[2026-03-11 22:15:27] [DEBUG] 📨 Message reçu de serveur1: METRICS
[2026-03-11 22:15:57] [DEBUG] 📨 Message reçu de serveur1: METRICS
[2026-03-11 22:15:57] [DEBUG] 📨 Message reçu de serveur1: METRICS
[2026-03-11 22:16:27] [DEBUG] 📨 Message reçu de serveur1: METRICS
[2026-03-11 22:16:27] [DEBUG] 📨 Message reçu de serveur1: METRICS
[2026-03-11 22:43:04] [DEBUG] 📨 Message reçu de serveur1: METRICS
[2026-03-11 22:43:04] [DEBUG] 📨 Message reçu de serveur1: METRICS
[2026-03-11 22:43:34] [DEBUG] 📨 Message reçu de serveur1: METRICS
[2026-03-11 22:43:34] [DEBUG] 📨 Message reçu de serveur1: METRICS
[2026-03-11 22:44:04] [DEBUG] 📨 Message reçu de serveur1: METRICS
[2026-03-11 22:44:04] [DEBUG] 📨 Message reçu de serveur1: METRICS
[2026-03-11 22:44:34] [DEBUG] 📨 Message reçu de serveur1: METRICS
[2026-03-11 22:44:34] [DEBUG] 📨 Message reçu de serveur1: METRICS
[2026-03-11 22:45:04] [DEBUG] 📨 Message reçu de serveur1: METRICS
[2026-03-11 22:45:04] [DEBUG] 📨 Message reçu de serveur1: METRICS
[2026-03-11 22:45:34] [DEBUG] 📨 Message reçu de serveur1: METRICS
[2026-03-11 22:45:34] [DEBUG] 📨 Message reçu de serveur1: METRICS
[2026-03-11 22:46:04] [DEBUG] 📨 Message reçu de serveur1: METRICS
[2026-03-11 22:46:04] [DEBUG] 📨 Message reçu de serveur1: METRICS
[2026-03-11 22:46:34] [DEBUG] 📨 Message reçu de serveur1: METRICS
[2026-03-11 22:46:34] [DEBUG] 📨 Message reçu de serveur1: METRICS
[2026-03-11 22:47:04] [DEBUG] 📨 Message reçu de serveur1: METRICS
[2026-03-11 22:47:04] [DEBUG] 📨 Message reçu de serveur1: METRICS
[2026-03-11 22:47:34] [DEBUG] 📨 Message reçu de serveur1: METRICS
[2026-03-11 22:47:34] [DEBUG] 📨 Message reçu de serveur1: METRICS
[2026-03-11 22:48:04] [DEBUG] 📨 Message reçu de serveur1: METRICS
[2026-03-11 22:48:04] [DEBUG] 📨 Message reçu de serveur1: METRICS
[2026-03-11 22:48:34] [DEBUG] 📨 Message reçu de serveur1: METRICS
[2026-03-11 22:48:34] [DEBUG] 📨 Message reçu de serveur1: METRICS
[2026-03-11 22:49:04] [DEBUG] 📨 Message reçu de serveur1: METRICS
[2026-03-11 22:49:04] [DEBUG] 📨 Message reçu de serveur1: METRICS
[2026-03-11 22:49:34] [DEBUG] 📨 Message reçu de serveur1: METRICS
[2026-03-11 22:49:34] [DEBUG] 📨 Message reçu de serveur1: METRICS
[2026-03-11 22:50:04] [DEBUG] 📨 Message reçu de serveur1: METRICS
[2026-03-11 22:50:04] [DEBUG] 📨 Message reçu de serveur1: METRICS
[2026-03-11 22:50:34] [DEBUG] 📨 Message reçu de serveur1: METRICS
[2026-03-11 22:50:34] [DEBUG] 📨 Message reçu de serveur1: METRICS
[2026-03-11 22:51:04] [DEBUG] 📨 Message reçu de serveur1: METRICS
[2026-03-11 22:51:04] [DEBUG] 📨 Message reçu de serveur1: METRICS
[2026-03-11 22:51:34] [DEBUG] 📨 Message reçu de serveur1: METRICS
[2026-03-11 22:51:34] [DEBUG] 📨 Message reçu de serveur1: METRICS
[2026-03-11 22:52:04] [DEBUG] 📨 Message reçu de serveur1: METRICS
[2026-03-11 22:52:04] [DEBUG] 📨 Message reçu de serveur1: METRICS
[2026-03-11 22:52:34] [DEBUG] 📨 Message reçu de serveur1: METRICS
[2026-03-11 22:52:34] [DEBUG] 📨 Message reçu de serveur1: METRICS
[2026-03-11 22:53:04] [DEBUG] 📨 Message reçu de serveur1: METRICS
[2026-03-11 22:53:04] [DEBUG] 📨 Message reçu de serveur1: METRICS
[2026-03-11 22:53:34] [DEBUG] 📨 Message reçu de serveur1: METRICS
[2026-03-11 22:53:34] [DEBUG] 📨 Message reçu de serveur1: METRICS
[2026-03-11 22:54:04] [DEBUG] 📨 Message reçu de serveur1: METRICS
[2026-03-11 22:54:04] [DEBUG] 📨 Message reçu de serveur1: METRICS
[2026-03-11 22:54:34] [DEBUG] 📨 Message reçu de serveur1: METRICS
[2026-03-11 22:54:34] [DEBUG] 📨 Message reçu de serveur1: METRICS
[2026-03-11 22:55:04] [DEBUG] 📨 Message reçu de serveur1: METRICS
[2026-03-11 22:55:04] [DEBUG] 📨 Message reçu de serveur1: METRICS
[2026-03-11 22:55:34] [DEBUG] 📨 Message reçu de serveur1: METRICS
[2026-03-11 22:55:34] [DEBUG] 📨 Message reçu de serveur1: METRICS
[2026-03-11 22:56:04] [DEBUG] 📨 Message reçu de serveur1: METRICS
[2026-03-11 22:56:04] [DEBUG] 📨 Message reçu de serveur1: METRICS
[2026-03-11 22:56:34] [DEBUG] 📨 Message reçu de serveur1: METRICS
[2026-03-11 22:56:34] [DEBUG] 📨 Message reçu de serveur1: METRICS
[2026-03-11 22:57:04] [DEBUG] 📨 Message reçu de serveur1: METRICS
[2026-03-11 22:57:04] [DEBUG] 📨 Message reçu de serveur1: METRICS
[2026-03-11 22:57:34] [DEBUG] 📨 Message reçu de serveur1: METRICS
[2026-03-11 22:57:34] [DEBUG] 📨 Message reçu de serveur1: METRICS
[2026-03-11 22:58:04] [DEBUG] 📨 Message reçu de serveur1: METRICS
[2026-03-11 22:58:04] [DEBUG] 📨 Message reçu de serveur1: METRICS
[2026-03-11 22:58:34] [DEBUG] 📨 Message reçu de serveur1: METRICS
[2026-03-11 22:58:34] [DEBUG] 📨 Message reçu de serveur1: METRICS
[2026-03-11 22:59:04] [DEBUG] 📨 Message reçu de serveur1: METRICS
[2026-03-11 22:59:04] [DEBUG] 📨 Message reçu de serveur1: METRICS
[2026-03-11 22:59:34] [DEBUG] 📨 Message reçu de serveur1: METRICS
[2026-03-11 22:59:34] [DEBUG] 📨 Message reçu de serveur1: METRICS
[2026-03-11 23:00:04] [DEBUG] 📨 Message reçu de serveur1: METRICS
[2026-03-11 23:00:04] [DEBUG] 📨 Message reçu de serveur1: METRICS
[2026-03-11 23:00:34] [DEBUG] 📨 Message reçu de serveur1: METRICS
[2026-03-11 23:00:34] [DEBUG] 📨 Message reçu de serveur1: METRICS
[2026-03-11 23:01:04] [DEBUG] 📨 Message reçu de serveur1: METRICS
[2026-03-11 23:01:04] [DEBUG] 📨 Message reçu de serveur1: METRICS
[2026-03-11 23:01:34] [DEBUG] 📨 Message reçu de serveur1: METRICS
[2026-03-11 23:01:34] [DEBUG] 📨 Message reçu de serveur1: METRICS
[2026-03-11 23:02:04] [DEBUG] 📨 Message reçu de serveur1: METRICS
[2026-03-11 23:02:04] [DEBUG] 📨 Message reçu de serveur1: METRICS
[2026-03-11 23:02:34] [DEBUG] 📨 Message reçu de serveur1: METRICS
[2026-03-11 23:02:34] [DEBUG] 📨 Message reçu de serveur1: METRICS
[2026-03-11 23:03:04] [DEBUG] 📨 Message reçu de serveur1: METRICS
[2026-03-11 23:03:04] [DEBUG] 📨 Message reçu de serveur1: METRICS
[2026-03-11 23:03:34] [DEBUG] 📨 Message reçu de serveur1: METRICS
[2026-03-11 23:03:34] [DEBUG] 📨 Message reçu de serveur1: METRICS
[2026-03-11 23:04:04] [DEBUG] 📨 Message reçu de serveur1: METRICS
[2026-03-11 23:04:04] [DEBUG] 📨 Message reçu de serveur1: METRICS
[2026-03-11 23:04:34] [DEBUG] 📨 Message reçu de serveur1: METRICS
[2026-03-11 23:04:34] [DEBUG] 📨 Message reçu de serveur1: METRICS
[2026-03-11 23:05:04] [DEBUG] 📨 Message reçu de serveur1: METRICS
[2026-03-11 23:05:04] [DEBUG] 📨 Message reçu de serveur1: METRICS
[2026-03-11 23:05:34] [DEBUG] 📨 Message reçu de serveur1: METRICS
[2026-03-11 23:05:34] [DEBUG] 📨 Message reçu de serveur1: METRICS
[2026-03-11 23:06:05] [DEBUG] 📨 Message reçu de serveur1: METRICS
[2026-03-11 23:06:05] [DEBUG] 📨 Message reçu de serveur1: METRICS
[2026-03-11 23:06:35] [DEBUG] 📨 Message reçu de serveur1: METRICS
[2026-03-11 23:06:35] [DEBUG] 📨 Message reçu de serveur1: METRICS
[2026-03-11 23:07:05] [DEBUG] 📨 Message reçu de serveur1: METRICS
[2026-03-11 23:07:05] [DEBUG] 📨 Message reçu de serveur1: METRICS
[2026-03-11 23:07:35] [DEBUG] 📨 Message reçu de serveur1: METRICS
[2026-03-11 23:07:35] [DEBUG] 📨 Message reçu de serveur1: METRICS
[2026-03-11 23:08:05] [DEBUG] 📨 Message reçu de serveur1: METRICS
[2026-03-11 23:08:05] [DEBUG] 📨 Message reçu de serveur1: METRICS
[2026-03-11 23:08:35] [DEBUG] 📨 Message reçu de serveur1: METRICS
[2026-03-11 23:08:35] [DEBUG] 📨 Message reçu de serveur1: METRICS
[2026-03-11 23:09:05] [DEBUG] 📨 Message reçu de serveur1: METRICS
[2026-03-11 23:09:05] [DEBUG] 📨 Message reçu de serveur1: METRICS
[2026-03-11 23:09:35] [DEBUG] 📨 Message reçu de serveur1: METRICS
[2026-03-11 23:09:35] [DEBUG] 📨 Message reçu de serveur1: METRICS
[2026-03-11 23:10:05] [DEBUG] 📨 Message reçu de serveur1: METRICS
[2026-03-11 23:10:05] [DEBUG] 📨 Message reçu de serveur1: METRICS
[2026-03-11 23:10:35] [DEBUG] 📨 Message reçu de serveur1: METRICS
[2026-03-11 23:10:35] [DEBUG] 📨 Message reçu de serveur1: METRICS
[2026-03-11 23:11:05] [DEBUG] 📨 Message reçu de serveur1: METRICS
[2026-03-11 23:11:05] [DEBUG] 📨 Message reçu de serveur1: METRICS
[2026-03-11 23:11:35] [DEBUG] 📨 Message reçu de serveur1: METRICS
[2026-03-11 23:11:35] [DEBUG] 📨 Message reçu de serveur1: METRICS
[2026-03-11 23:12:05] [DEBUG] 📨 Message reçu de serveur1: METRICS
[2026-03-11 23:12:05] [DEBUG] 📨 Message reçu de serveur1: METRICS
[2026-03-11 23:12:35] [DEBUG] 📨 Message reçu de serveur1: METRICS
[2026-03-11 23:12:35] [DEBUG] 📨 Message reçu de serveur1: METRICS
[2026-03-11 23:13:05] [DEBUG] 📨 Message reçu de serveur1: METRICS
[2026-03-11 23:13:05] [DEBUG] 📨 Message reçu de serveur1: METRICS
[2026-03-11 23:13:35] [DEBUG] 📨 Message reçu de serveur1: METRICS
[2026-03-11 23:13:35] [DEBUG] 📨 Message reçu de serveur1: METRICS
[2026-03-11 23:14:05] [DEBUG] 📨 Message reçu de serveur1: METRICS
[2026-03-11 23:14:05] [DEBUG] 📨 Message reçu de serveur1: METRICS
[2026-03-11 23:14:35] [DEBUG] 📨 Message reçu de serveur1: METRICS
[2026-03-11 23:14:35] [DEBUG] 📨 Message reçu de serveur1: METRICS
[2026-03-11 23:15:05] [DEBUG] 📨 Message reçu de serveur1: METRICS
[2026-03-11 23:15:05] [DEBUG] 📨 Message reçu de serveur1: METRICS
[2026-03-11 23:15:35] [DEBUG] 📨 Message reçu de serveur1: METRICS
[2026-03-11 23:15:35] [DEBUG] 📨 Message reçu de serveur1: METRICS
[2026-03-11 23:16:05] [DEBUG] 📨 Message reçu de serveur1: METRICS
[2026-03-11 23:16:05] [DEBUG] 📨 Message reçu de serveur1: METRICS
[2026-03-11 23:16:35] [DEBUG] 📨 Message reçu de serveur1: METRICS
[2026-03-11 23:16:35] [DEBUG] 📨 Message reçu de serveur1: METRICS
[2026-03-11 23:17:05] [DEBUG] 📨 Message reçu de serveur1: METRICS
[2026-03-11 23:17:05] [DEBUG] 📨 Message reçu de serveur1: METRICS
[2026-03-11 23:17:35] [DEBUG] 📨 Message reçu de serveur1: METRICS
[2026-03-11 23:17:35] [DEBUG] 📨 Message reçu de serveur1: METRICS
[2026-03-11 23:18:05] [DEBUG] 📨 Message reçu de serveur1: METRICS
[2026-03-11 23:18:05] [DEBUG] 📨 Message reçu de serveur1: METRICS
[2026-03-11 23:18:35] [DEBUG] 📨 Message reçu de serveur1: METRICS
[2026-03-11 23:18:35] [DEBUG] 📨 Message reçu de serveur1: METRICS
[2026-03-11 23:19:05] [DEBUG] 📨 Message reçu de serveur1: METRICS
[2026-03-11 23:19:05] [DEBUG] 📨 Message reçu de serveur1: METRICS
[2026-03-11 23:19:35] [DEBUG] 📨 Message reçu de serveur1: METRICS
[2026-03-11 23:19:35] [DEBUG] 📨 Message reçu de serveur1: METRICS
[2026-03-11 23:20:05] [DEBUG] 📨 Message reçu de serveur1: METRICS
[2026-03-11 23:20:05] [DEBUG] 📨 Message reçu de serveur1: METRICS
[2026-03-11 23:20:35] [DEBUG] 📨 Message reçu de serveur1: METRICS
[2026-03-11 23:20:35] [DEBUG] 📨 Message reçu de serveur1: METRICS
[2026-03-11 23:21:05] [DEBUG] 📨 Message reçu de serveur1: METRICS
[2026-03-11 23:21:05] [DEBUG] 📨 Message reçu de serveur1: METRICS
[2026-03-11 23:21:35] [DEBUG] 📨 Message reçu de serveur1: METRICS
[2026-03-11 23:21:35] [DEBUG] 📨 Message reçu de serveur1: METRICS
[2026-03-11 23:22:05] [DEBUG] 📨 Message reçu de serveur1: METRICS
[2026-03-11 23:22:05] [DEBUG] 📨 Message reçu de serveur1: METRICS
[2026-03-11 23:22:35] [DEBUG] 📨 Message reçu de serveur1: METRICS
[2026-03-11 23:22:35] [DEBUG] 📨 Message reçu de serveur1: METRICS
[2026-03-11 23:23:05] [DEBUG] 📨 Message reçu de serveur1: METRICS
[2026-03-11 23:23:05] [DEBUG] 📨 Message reçu de serveur1: METRICS
[2026-03-11 23:23:35] [DEBUG] 📨 Message reçu de serveur1: METRICS
[2026-03-11 23:23:35] [DEBUG] 📨 Message reçu de serveur1: METRICS
[2026-03-11 23:24:05] [DEBUG] 📨 Message reçu de serveur1: METRICS
[2026-03-11 23:24:05] [DEBUG] 📨 Message reçu de serveur1: METRICS
[2026-03-11 23:24:35] [DEBUG] 📨 Message reçu de serveur1: METRICS
[2026-03-11 23:24:35] [DEBUG] 📨 Message reçu de serveur1: METRICS
[2026-03-11 23:25:05] [DEBUG] 📨 Message reçu de serveur1: METRICS
[2026-03-11 23:25:05] [DEBUG] 📨 Message reçu de serveur1: METRICS
[2026-03-11 23:25:35] [DEBUG] 📨 Message reçu de serveur1: METRICS
[2026-03-11 23:25:35] [DEBUG] 📨 Message reçu de serveur1: METRICS
[2026-03-11 23:54:00] [DEBUG] 📨 Message reçu de serveur1: METRICS
[2026-03-11 23:54:00] [DEBUG] 📨 Message reçu de serveur1: METRICS
[2026-03-11 23:54:30] [DEBUG] 📨 Message reçu de serveur1: METRICS
[2026-03-11 23:54:30] [DEBUG] 📨 Message reçu de serveur1: METRICS
[2026-03-11 23:55:00] [DEBUG] 📨 Message reçu de serveur1: METRICS
[2026-03-11 23:55:00] [DEBUG] 📨 Message reçu de serveur1: METRICS
[2026-03-11 23:55:30] [DEBUG] 📨 Message reçu de serveur1: METRICS
[2026-03-11 23:55:30] [DEBUG] 📨 Message reçu de serveur1: METRICS
[2026-03-11 23:56:00] [DEBUG] 📨 Message reçu de serveur1: METRICS
[2026-03-11 23:56:00] [DEBUG] 📨 Message reçu de serveur1: METRICS
[2026-03-11 23:56:30] [DEBUG] 📨 Message reçu de serveur1: METRICS
[2026-03-11 23:56:30] [DEBUG] 📨 Message reçu de serveur1: METRICS
[2026-03-11 23:57:00] [DEBUG] 📨 Message reçu de serveur1: METRICS
[2026-03-11 23:57:00] [DEBUG] 📨 Message reçu de serveur1: METRICS
[2026-03-11 23:57:30] [DEBUG] 📨 Message reçu de serveur1: METRICS
[2026-03-11 23:57:30] [DEBUG] 📨 Message reçu de serveur1: METRICS
[2026-03-11 23:58:00] [DEBUG] 📨 Message reçu de serveur1: METRICS
[2026-03-11 23:58:00] [DEBUG] 📨 Message reçu de serveur1: METRICS
[2026-03-11 23:58:30] [DEBUG] 📨 Message reçu de serveur1: METRICS
[2026-03-11 23:58:30] [DEBUG] 📨 Message reçu de serveur1: METRICS
[2026-03-11 23:59:00] [DEBUG] 📨 Message reçu de serveur1: METRICS
[2026-03-11 23:59:00] [DEBUG] 📨 Message reçu de serveur1: METRICS
[2026-03-11 23:59:30] [DEBUG] 📨 Message reçu de serveur1: METRICS
[2026-03-11 23:59:30] [DEBUG] 📨 Message reçu de serveur1: METRICS
[2026-03-12 00:00:00] [DEBUG] 📨 Message reçu de serveur1: METRICS
[2026-03-12 00:00:00] [DEBUG] 📨 Message reçu de serveur1: METRICS
[2026-03-12 00:00:30] [DEBUG] 📨 Message reçu de serveur1: METRICS
[2026-03-12 00:00:30] [DEBUG] 📨 Message reçu de serveur1: METRICS
[2026-03-12 00:01:00] [DEBUG] 📨 Message reçu de serveur1: METRICS
[2026-03-12 00:01:00] [DEBUG] 📨 Message reçu de serveur1: METRICS
[2026-03-12 00:01:30] [DEBUG] 📨 Message reçu de serveur1: METRICS
[2026-03-12 00:01:30] [DEBUG] 📨 Message reçu de serveur1: METRICS
[2026-03-12 00:02:00] [DEBUG] 📨 Message reçu de serveur1: METRICS
[2026-03-12 00:02:00] [DEBUG] 📨 Message reçu de serveur1: METRICS
[2026-03-12 00:02:30] [DEBUG] 📨 Message reçu de serveur1: METRICS
[2026-03-12 00:02:30] [DEBUG] 📨 Message reçu de serveur1: METRICS
[2026-03-12 00:03:00] [DEBUG] 📨 Message reçu de serveur1: METRICS
[2026-03-12 00:03:00] [DEBUG] 📨 Message reçu de serveur1: METRICS
[2026-03-12 00:03:30] [DEBUG] 📨 Message reçu de serveur1: METRICS
[2026-03-12 00:03:30] [DEBUG] 📨 Message reçu de serveur1: METRICS
[2026-03-12 00:04:01] [DEBUG] 📨 Message reçu de serveur1: METRICS
[2026-03-12 00:04:01] [DEBUG] 📨 Message reçu de serveur1: METRICS
[2026-03-12 00:04:31] [DEBUG] 📨 Message reçu de serveur1: METRICS
[2026-03-12 00:04:31] [DEBUG] 📨 Message reçu de serveur1: METRICS
[2026-03-12 00:05:01] [DEBUG] 📨 Message reçu de serveur1: METRICS
[2026-03-12 00:05:01] [DEBUG] 📨 Message reçu de serveur1: METRICS
[2026-03-12 00:05:31] [DEBUG] 📨 Message reçu de serveur1: METRICS
[2026-03-12 00:05:31] [DEBUG] 📨 Message reçu de serveur1: METRICS
[2026-03-12 00:06:01] [DEBUG] 📨 Message reçu de serveur1: METRICS
[2026-03-12 00:06:01] [DEBUG] 📨 Message reçu de serveur1: METRICS
[2026-03-12 00:06:31] [DEBUG] 📨 Message reçu de serveur1: METRICS
[2026-03-12 00:06:31] [DEBUG] 📨 Message reçu de serveur1: METRICS
[2026-03-12 00:07:01] [DEBUG] 📨 Message reçu de serveur1: METRICS
[2026-03-12 00:07:01] [DEBUG] 📨 Message reçu de serveur1: METRICS
[2026-03-12 00:07:31] [DEBUG] 📨 Message reçu de serveur1: METRICS
[2026-03-12 00:07:31] [DEBUG] 📨 Message reçu de serveur1: METRICS
[2026-03-12 00:08:01] [DEBUG] 📨 Message reçu de serveur1: METRICS
[2026-03-12 00:08:01] [DEBUG] 📨 Message reçu de serveur1: METRICS
[2026-03-12 00:08:31] [DEBUG] 📨 Message reçu de serveur1: METRICS
[2026-03-12 00:08:31] [DEBUG] 📨 Message reçu de serveur1: METRICS
[2026-03-12 00:09:01] [DEBUG] 📨 Message reçu de serveur1: METRICS
[2026-03-12 00:09:01] [DEBUG] 📨 Message reçu de serveur1: METRICS
[2026-03-12 00:09:31] [DEBUG] 📨 Message reçu de serveur1: METRICS
[2026-03-12 00:09:31] [DEBUG] 📨 Message reçu de serveur1: METRICS
[2026-03-12 00:10:01] [DEBUG] 📨 Message reçu de serveur1: METRICS
[2026-03-12 00:10:01] [DEBUG] 📨 Message reçu de serveur1: METRICS
[2026-03-12 00:10:31] [DEBUG] 📨 Message reçu de serveur1: METRICS
[2026-03-12 00:10:31] [DEBUG] 📨 Message reçu de serveur1: METRICS
[2026-03-12 00:11:01] [DEBUG] 📨 Message reçu de serveur1: METRICS
[2026-03-12 00:11:01] [DEBUG] 📨 Message reçu de serveur1: METRICS
[2026-03-12 00:11:31] [DEBUG] 📨 Message reçu de serveur1: METRICS
[2026-03-12 00:11:31] [DEBUG] 📨 Message reçu de serveur1: METRICS
[2026-03-12 00:12:01] [DEBUG] 📨 Message reçu de serveur1: METRICS
[2026-03-12 00:12:01] [DEBUG] 📨 Message reçu de serveur1: METRICS
[2026-03-12 00:12:31] [DEBUG] 📨 Message reçu de serveur1: METRICS
[2026-03-12 00:12:31] [DEBUG] 📨 Message reçu de serveur1: METRICS
[2026-03-12 00:13:01] [DEBUG] 📨 Message reçu de serveur1: METRICS
[2026-03-12 00:13:01] [DEBUG] 📨 Message reçu de serveur1: METRICS
[2026-03-12 00:13:31] [DEBUG] 📨 Message reçu de serveur1: METRICS
[2026-03-12 00:13:31] [DEBUG] 📨 Message reçu de serveur1: METRICS
[2026-03-12 00:14:01] [DEBUG] 📨 Message reçu de serveur1: METRICS
[2026-03-12 00:14:01] [DEBUG] 📨 Message reçu de serveur1: METRICS
[2026-03-12 00:14:31] [DEBUG] 📨 Message reçu de serveur1: METRICS
[2026-03-12 00:14:31] [DEBUG] 📨 Message reçu de serveur1: METRICS
[2026-03-12 00:15:01] [DEBUG] 📨 Message reçu de serveur1: METRICS
[2026-03-12 00:15:01] [DEBUG] 📨 Message reçu de serveur1: METRICS
[2026-03-12 00:15:31] [DEBUG] 📨 Message reçu de serveur1: METRICS
[2026-03-12 00:15:31] [DEBUG] 📨 Message reçu de serveur1: METRICS
[2026-03-12 00:16:01] [DEBUG] 📨 Message reçu de serveur1: METRICS
[2026-03-12 00:16:01] [DEBUG] 📨 Message reçu de serveur1: METRICS
[2026-03-12 00:16:31] [DEBUG] 📨 Message reçu de serveur1: METRICS
[2026-03-12 00:16:31] [DEBUG] 📨 Message reçu de serveur1: METRICS
